<?xml version="1.0" encoding="UTF-8" ?>
<testsuite tests="6" failures="0" name="finalprojectB.UrlValidatorTest" time="1.825" errors="0" skipped="0">
  <properties>
    <property name="java.runtime.name" value="Java(TM) SE Runtime Environment"/>
    <property name="java.vm.version" value="9.0.4+11"/>
    <property name="sun.boot.library.path" value="C:\Program Files\Java\jdk-9.0.4\bin"/>
    <property name="user.country.format" value="CN"/>
    <property name="maven.multiModuleProjectDirectory" value="C:\Users\huangpu\Desktop\FinalProject\URLValidatorInCorrect"/>
    <property name="java.vm.vendor" value="Oracle Corporation"/>
    <property name="java.vendor.url" value="http://java.oracle.com/"/>
    <property name="guice.disable.misplaced.annotation.check" value="true"/>
    <property name="path.separator" value=";"/>
    <property name="java.vm.name" value="Java HotSpot(TM) 64-Bit Server VM"/>
    <property name="file.encoding.pkg" value="sun.io"/>
    <property name="sun.os.patch.level" value=""/>
    <property name="user.script" value=""/>
    <property name="sun.java.launcher" value="SUN_STANDARD"/>
    <property name="user.country" value="US"/>
    <property name="java.vm.specification.name" value="Java Virtual Machine Specification"/>
    <property name="user.dir" value="C:\Users\huangpu\Desktop\FinalProject\URLValidatorInCorrect"/>
    <property name="java.vm.compressedOopsMode" value="32-bit"/>
    <property name="java.runtime.version" value="9.0.4+11"/>
    <property name="java.awt.graphicsenv" value="sun.awt.Win32GraphicsEnvironment"/>
    <property name="os.arch" value="amd64"/>
    <property name="java.io.tmpdir" value="C:\Users\huangpu\AppData\Local\Temp\"/>
    <property name="line.separator" value="
"/>
    <property name="java.vm.specification.vendor" value="Oracle Corporation"/>
    <property name="user.variant" value=""/>
    <property name="os.name" value="Windows 10"/>
    <property name="classworlds.conf" value="C:\Program Files\apache-maven-3.5.4\bin\..\bin\m2.conf"/>
    <property name="sun.jnu.encoding" value="GBK"/>
    <property name="java.library.path" value="C:\Program Files\Java\jdk-9.0.4\bin;C:\WINDOWS\Sun\Java\bin;C:\WINDOWS\system32;C:\WINDOWS;C:\Program Files (x86)\Common Files\Oracle\Java\javapath;C:\Program Files\apache-maven-3.5.4\bin;C:\Program Files\Java\jdk-9.0.4;C:\ProgramData\Oracle\Java\javapath;C:\Program Files (x86)\sK1 Project\UniConvertor-1.1.5\;C:\Program Files (x86)\sK1 Project\UniConvertor-1.1.5\DLLs;C:\Program Files\dotnet\;C:\Program Files\Java\jdk-9.0.4;C:\Users\huangpu\AppData\Local\atom\bin;."/>
    <property name="maven.conf" value="C:\Program Files\apache-maven-3.5.4\bin\../conf"/>
    <property name="jdk.debug" value="release"/>
    <property name="java.class.version" value="53.0"/>
    <property name="java.specification.name" value="Java Platform API Specification"/>
    <property name="sun.management.compiler" value="HotSpot 64-Bit Tiered Compilers"/>
    <property name="os.version" value="10.0"/>
    <property name="library.jansi.path" value="C:\Program Files\apache-maven-3.5.4\bin\..\lib\jansi-native"/>
    <property name="user.home" value="C:\Users\huangpu"/>
    <property name="user.timezone" value="America/Los_Angeles"/>
    <property name="java.awt.printerjob" value="sun.awt.windows.WPrinterJob"/>
    <property name="file.encoding" value="GBK"/>
    <property name="java.specification.version" value="9"/>
    <property name="user.name" value="huangpu"/>
    <property name="java.class.path" value="C:\Program Files\apache-maven-3.5.4\bin\..\boot\plexus-classworlds-2.5.2.jar"/>
    <property name="java.vm.specification.version" value="9"/>
    <property name="sun.arch.data.model" value="64"/>
    <property name="sun.java.command" value="org.codehaus.plexus.classworlds.launcher.Launcher test"/>
    <property name="java.home" value="C:\Program Files\Java\jdk-9.0.4"/>
    <property name="user.language" value="en"/>
    <property name="java.specification.vendor" value="Oracle Corporation"/>
    <property name="user.language.format" value="zh"/>
    <property name="awt.toolkit" value="sun.awt.windows.WToolkit"/>
    <property name="java.vm.info" value="mixed mode"/>
    <property name="java.version" value="9.0.4"/>
    <property name="java.vendor" value="Oracle Corporation"/>
    <property name="sun.stderr.encoding" value="ms936"/>
    <property name="maven.home" value="C:\Program Files\apache-maven-3.5.4\bin\.."/>
    <property name="file.separator" value="\"/>
    <property name="java.vendor.url.bug" value="http://bugreport.java.com/bugreport/"/>
    <property name="sun.io.unicode.encoding" value="UnicodeLittle"/>
    <property name="sun.cpu.endian" value="little"/>
    <property name="sun.stdout.encoding" value="ms936"/>
    <property name="sun.desktop" value="windows"/>
    <property name="sun.cpu.isalist" value="amd64"/>
  </properties>
  <testcase classname="finalprojectB.UrlValidatorTest" name="testManualTest" time="0.015"/>
  <testcase classname="finalprojectB.UrlValidatorTest" name="test_your_third_partition" time="0"/>
  <testcase classname="finalprojectB.UrlValidatorTest" name="testYourSecondPartition" time="0"/>
  <testcase classname="finalprojectB.UrlValidatorTest" name="test_your_fourth_partition" time="0.016"/>
  <testcase classname="finalprojectB.UrlValidatorTest" name="testYourFirstPartition" time="0"/>
  <testcase classname="finalprojectB.UrlValidatorTest" name="testIsValid" time="1.794"/>
</testsuite>